#
# A fatal error has been detected by the Java Runtime Environment:
#
#  EXCEPTION_ACCESS_VIOLATION (0xc0000005) at pc=0x000000005b8f7b26, pid=32892, tid=0x000000000000a578
#
# JRE version: Java(TM) SE Runtime Environment (8.0_241-b07) (build 1.8.0_241-b07)
# Java VM: Java HotSpot(TM) 64-Bit Server VM (25.241-b07 mixed mode windows-amd64 compressed oops)
# Problematic frame:
# V  [jvm.dll+0x237b26]
#
# Failed to write core dump. Minidumps are not enabled by default on client versions of Windows
#
# If you would like to submit a bug report, please visit:
#   http://bugreport.java.com/bugreport/crash.jsp
#

---------------  T H R E A D  ---------------

Current thread (0x0000000017a09800):  VMThread [stack: 0x0000000019700000,0x0000000019800000] [id=42360]

siginfo: ExceptionCode=0xc0000005, reading address 0x0000000e0000000a

Registers:
RAX=0x0000000e00000002, RBX=0x00000000197fed50, RCX=0x00000000197fed50, RDX=0x0000000e00000028
RSP=0x00000000197fea80, RBP=0x00000000197ff290, RSI=0x0000000000000000, RDI=0x00000000197ff420
R8 =0x0000000000000000, R9 =0x000000001746b040, R10=0x0000000000000008, R11=0x000000005bccf398
R12=0x0000000002b7b630, R13=0x00000000197ff250, R14=0x00000000000003d8, R15=0x00000000197ff240
RIP=0x000000005b8f7b26, EFLAGS=0x0000000000010202

Top of Stack: (sp=0x00000000197fea80)
0x00000000197fea80:   0000000000000000 0000000000000000
0x00000000197fea90:   00000000d8f8d9b0 00000000d8f8da18
0x00000000197feaa0:   00000000d8f8da88 00000000d8f8daf0
0x00000000197feab0:   00000000d8f8db58 00000000d8f8dbc8
0x00000000197feac0:   00000000d8f8dc30 00000000d8f8dc98
0x00000000197fead0:   00000000028ff570 00000000028ff570
0x00000000197feae0:   00000000d8f8ddd0 00000000d8f8de40
0x00000000197feaf0:   00000000d8f8dea8 00000000d8f8df10
0x00000000197feb00:   00000000d8f8df80 00000000d8f8df80
0x00000000197feb10:   00000000d8f8dfe8 00000000d8f8e090
0x00000000197feb20:   00000000d8f8e0f8 00000000d8f8e160
0x00000000197feb30:   00000000d8f8e1d8 00000000d8f8e240
0x00000000197feb40:   00000000d8f8e2a8 00000000d8f8e310
0x00000000197feb50:   00000000d8f8e380 00000000d8f8e3e8
0x00000000197feb60:   00000000d8f8e458 00000000d8f8e4c0
0x00000000197feb70:   00000000d8f8e530 00000000d8f8e5c8 

Instructions: (pc=0x000000005b8f7b26)
0x000000005b8f7b06:   01 00 00 48 8b 05 c0 2d 5c 00 48 33 c4 48 89 84
0x000000005b8f7b16:   24 30 01 00 00 4c 63 41 10 48 8b 41 08 48 8b d9
0x000000005b8f7b26:   42 38 54 00 08 74 33 44 0f be c2 48 8d 4c 24 20
0x000000005b8f7b36:   48 8d 15 43 4f 3f 00 e8 2e e0 de ff 48 8d 0d c7 


Register to memory mapping:

RAX=0x0000000e00000002 is an unknown value
RBX=0x00000000197fed50 is an unknown value
RCX=0x00000000197fed50 is an unknown value
RDX=0x0000000e00000028 is an unknown value
RSP=0x00000000197fea80 is an unknown value
RBP=0x00000000197ff290 is an unknown value
RSI=0x0000000000000000 is an unknown value
RDI=0x00000000197ff420 is an unknown value
R8 =0x0000000000000000 is an unknown value
R9 =0x000000001746b040 is pointing into metadata
R10=0x0000000000000008 is an unknown value
R11=0x000000005bccf398 is an unknown value
R12=0x0000000002b7b630 is an unknown value
R13=0x00000000197ff250 is an unknown value
R14=0x00000000000003d8 is an unknown value
R15=0x00000000197ff240 is an unknown value


Stack: [0x0000000019700000,0x0000000019800000],  sp=0x00000000197fea80,  free space=1018k
Native frames: (J=compiled Java code, j=interpreted, Vv=VM code, C=native code)
V  [jvm.dll+0x237b26]
V  [jvm.dll+0x2381a4]
V  [jvm.dll+0xff603]
V  [jvm.dll+0x1026f3]
V  [jvm.dll+0x1031bf]
V  [jvm.dll+0x103a05]
V  [jvm.dll+0x103c52]
V  [jvm.dll+0xc512e]
V  [jvm.dll+0xc57b8]
V  [jvm.dll+0xc58ea]
V  [jvm.dll+0xc5ae8]
V  [jvm.dll+0x10faea]
V  [jvm.dll+0x12d39f]
V  [jvm.dll+0x1bf68f]
V  [jvm.dll+0x24d6b7]
V  [jvm.dll+0x24c956]
V  [jvm.dll+0x24cdf1]
V  [jvm.dll+0x24d00e]
V  [jvm.dll+0x29fd2a]
C  [msvcr100.dll+0x21d9f]
C  [msvcr100.dll+0x21e3b]
C  [KERNEL32.DLL+0x17c24]
C  [ntdll.dll+0x6d4d1]

VM_Operation (0x000000001a53f7a0): GetOrSetLocal, mode: safepoint, requested by thread 0x0000000019937000


---------------  P R O C E S S  ---------------

Java Threads: ( => current thread )
  0x000000001c4fe800 JavaThread "Okio Watchdog" daemon [_thread_blocked, id=40896, stack(0x000000001e6d0000,0x000000001e7d0000)]
  0x000000001b6d5800 JavaThread "Exec Stream Pumper" daemon [_thread_in_native, id=9188, stack(0x000000001cb10000,0x000000001cc10000)]
  0x000000001b6d5000 JavaThread "Exec Stream Pumper" daemon [_thread_in_native, id=33304, stack(0x000000001ca10000,0x000000001cb10000)]
  0x000000001b6a7800 JavaThread "Exec Default Executor" daemon [_thread_in_native, id=30440, stack(0x000000001c810000,0x000000001c910000)]
  0x000000001ae6e000 JavaThread "ReaderThread" [_thread_in_native, id=32576, stack(0x000000001b540000,0x000000001b640000)]
  0x0000000019c24800 JavaThread "Service Thread" daemon [_thread_blocked, id=41164, stack(0x000000001ab40000,0x000000001ac40000)]
  0x0000000019b8e800 JavaThread "C1 CompilerThread3" daemon [_thread_blocked, id=19528, stack(0x000000001aa40000,0x000000001ab40000)]
  0x0000000019b8d800 JavaThread "C2 CompilerThread2" daemon [_thread_blocked, id=1988, stack(0x000000001a940000,0x000000001aa40000)]
  0x0000000019b89000 JavaThread "C2 CompilerThread1" daemon [_thread_blocked, id=42148, stack(0x000000001a840000,0x000000001a940000)]
  0x0000000019b86000 JavaThread "C2 CompilerThread0" daemon [_thread_blocked, id=41116, stack(0x000000001a740000,0x000000001a840000)]
  0x0000000019944000 JavaThread "JDWP Command Reader" daemon [_thread_in_native, id=32728, stack(0x000000001a640000,0x000000001a740000)]
  0x0000000019941000 JavaThread "JDWP Event Helper Thread" daemon [_thread_blocked, id=42480, stack(0x000000001a540000,0x000000001a640000)]
  0x0000000019937000 JavaThread "JDWP Transport Listener: dt_socket" daemon [_thread_blocked, id=34972, stack(0x000000001a440000,0x000000001a540000)]
  0x000000001992c000 JavaThread "Attach Listener" daemon [_thread_blocked, id=17248, stack(0x000000001a000000,0x000000001a100000)]
  0x0000000017a1e800 JavaThread "Signal Dispatcher" daemon [_thread_blocked, id=36276, stack(0x0000000019f00000,0x000000001a000000)]
  0x0000000019920800 JavaThread "Finalizer" daemon [_thread_blocked, id=29728, stack(0x0000000019d00000,0x0000000019e00000)]
  0x0000000002bcd800 JavaThread "Reference Handler" daemon [_thread_blocked, id=29772, stack(0x0000000019800000,0x0000000019900000)]
  0x0000000002ad4000 JavaThread "main" [_thread_blocked, id=34980, stack(0x0000000002800000,0x0000000002900000)]

Other Threads:
=>0x0000000017a09800 VMThread [stack: 0x0000000019700000,0x0000000019800000] [id=42360]
  0x0000000019cc9800 WatcherThread [stack: 0x000000001ac40000,0x000000001ad40000] [id=36912]

VM state:at safepoint (normal execution)

VM Mutex/Monitor currently owned by a thread:  ([mutex/lock_event])
[0x0000000002ad0d50] Threads_lock - owner thread: 0x0000000017a09800

heap address: 0x0000000083e00000, size: 1986 MB, Compressed Oops mode: 32-bit
Narrow klass base: 0x0000000000000000, Narrow klass shift: 3
Compressed class space size: 1073741824 Address: 0x0000000100000000

Heap:
 PSYoungGen      total 37888K, used 22762K [0x00000000d6a00000, 0x00000000d9400000, 0x0000000100000000)
  eden space 32768K, 53% used [0x00000000d6a00000,0x00000000d7b3b588,0x00000000d8a00000)
  from space 5120K, 99% used [0x00000000d8f00000,0x00000000d93ff2d0,0x00000000d9400000)
  to   space 5120K, 0% used [0x00000000d8a00000,0x00000000d8a00000,0x00000000d8f00000)
 ParOldGen       total 86016K, used 241K [0x0000000083e00000, 0x0000000089200000, 0x00000000d6a00000)
  object space 86016K, 0% used [0x0000000083e00000,0x0000000083e3c6e8,0x0000000089200000)
 Metaspace       used 14596K, capacity 15338K, committed 15616K, reserved 1062912K
  class space    used 1827K, capacity 2035K, committed 2048K, reserved 1048576K

Card table byte_map: [0x0000000011f90000,0x0000000012380000] byte_map_base: 0x0000000011b71000

Marking Bits: (ParMarkBitMap*) 0x000000005beebe30
 Begin Bits: [0x0000000012e20000, 0x0000000014d28000)
 End Bits:   [0x0000000014d28000, 0x0000000016c30000)

Polling page: 0x0000000000aa0000

CodeCache: size=245760Kb used=5886Kb max_used=5886Kb free=239873Kb
 bounds [0x0000000002bd0000, 0x00000000031a0000, 0x0000000011bd0000]
 total_blobs=1929 nmethods=1530 adapters=319
 compilation: enabled

Compilation events (10 events):
Event: 7.688 Thread 0x0000000019b8e800 1528       3       java.util.ArrayList::iterator (9 bytes)
Event: 7.688 Thread 0x0000000019b8e800 nmethod 1528 0x0000000003192350 code [0x00000000031924c0, 0x0000000003192750]
Event: 7.688 Thread 0x0000000019b8e800 1526       3       java.lang.StringBuilder::<init> (18 bytes)
Event: 7.688 Thread 0x0000000019b8e800 nmethod 1526 0x0000000003191b10 code [0x0000000003191ca0, 0x0000000003192168]
Event: 7.688 Thread 0x0000000019b8e800 1529  s    3       java.io.DataOutputStream::write (16 bytes)
Event: 7.689 Thread 0x0000000019b8e800 nmethod 1529 0x0000000003191410 code [0x0000000003191580, 0x00000000031919c8]
Event: 7.689 Thread 0x0000000019b8e800 1527       3       sun.misc.ProxyGenerator::codeLocalLoadStore (90 bytes)
Event: 7.689 Thread 0x0000000019b8e800 nmethod 1527 0x000000000318dd10 code [0x000000000318df60, 0x000000000318f0a8]
Event: 7.691 Thread 0x0000000019b8e800 1530       3       java.nio.HeapByteBuffer::ix (7 bytes)
Event: 7.691 Thread 0x0000000019b8e800 nmethod 1530 0x00000000031910d0 code [0x0000000003191220, 0x0000000003191370]

GC Heap History (4 events):
Event: 0.924 GC heap before
{Heap before GC invocations=1 (full 0):
 PSYoungGen      total 37888K, used 32768K [0x00000000d6a00000, 0x00000000d9400000, 0x0000000100000000)
  eden space 32768K, 100% used [0x00000000d6a00000,0x00000000d8a00000,0x00000000d8a00000)
  from space 5120K, 0% used [0x00000000d8f00000,0x00000000d8f00000,0x00000000d9400000)
  to   space 5120K, 0% used [0x00000000d8a00000,0x00000000d8a00000,0x00000000d8f00000)
 ParOldGen       total 86016K, used 0K [0x0000000083e00000, 0x0000000089200000, 0x00000000d6a00000)
  object space 86016K, 0% used [0x0000000083e00000,0x0000000083e00000,0x0000000089200000)
 Metaspace       used 8166K, capacity 8298K, committed 8448K, reserved 1056768K
  class space    used 944K, capacity 991K, committed 1024K, reserved 1048576K
Event: 0.928 GC heap after
Heap after GC invocations=1 (full 0):
 PSYoungGen      total 37888K, used 4203K [0x00000000d6a00000, 0x00000000d9400000, 0x0000000100000000)
  eden space 32768K, 0% used [0x00000000d6a00000,0x00000000d6a00000,0x00000000d8a00000)
  from space 5120K, 82% used [0x00000000d8a00000,0x00000000d8e1ad30,0x00000000d8f00000)
  to   space 5120K, 0% used [0x00000000d8f00000,0x00000000d8f00000,0x00000000d9400000)
 ParOldGen       total 86016K, used 16K [0x0000000083e00000, 0x0000000089200000, 0x00000000d6a00000)
  object space 86016K, 0% used [0x0000000083e00000,0x0000000083e04000,0x0000000089200000)
 Metaspace       used 8166K, capacity 8298K, committed 8448K, reserved 1056768K
  class space    used 944K, capacity 991K, committed 1024K, reserved 1048576K
}
Event: 1.966 GC heap before
{Heap before GC invocations=2 (full 0):
 PSYoungGen      total 37888K, used 36971K [0x00000000d6a00000, 0x00000000d9400000, 0x0000000100000000)
  eden space 32768K, 100% used [0x00000000d6a00000,0x00000000d8a00000,0x00000000d8a00000)
  from space 5120K, 82% used [0x00000000d8a00000,0x00000000d8e1ad30,0x00000000d8f00000)
  to   space 5120K, 0% used [0x00000000d8f00000,0x00000000d8f00000,0x00000000d9400000)
 ParOldGen       total 86016K, used 16K [0x0000000083e00000, 0x0000000089200000, 0x00000000d6a00000)
  object space 86016K, 0% used [0x0000000083e00000,0x0000000083e04000,0x0000000089200000)
 Metaspace       used 12858K, capacity 13478K, committed 13568K, reserved 1060864K
  class space    used 1597K, capacity 1787K, committed 1792K, reserved 1048576K
Event: 1.972 GC heap after
Heap after GC invocations=2 (full 0):
 PSYoungGen      total 37888K, used 5116K [0x00000000d6a00000, 0x00000000d9400000, 0x0000000100000000)
  eden space 32768K, 0% used [0x00000000d6a00000,0x00000000d6a00000,0x00000000d8a00000)
  from space 5120K, 99% used [0x00000000d8f00000,0x00000000d93ff2d0,0x00000000d9400000)
  to   space 5120K, 0% used [0x00000000d8a00000,0x00000000d8a00000,0x00000000d8f00000)
 ParOldGen       total 86016K, used 241K [0x0000000083e00000, 0x0000000089200000, 0x00000000d6a00000)
  object space 86016K, 0% used [0x0000000083e00000,0x0000000083e3c6e8,0x0000000089200000)
 Metaspace       used 12858K, capacity 13478K, committed 13568K, reserved 1060864K
  class space    used 1597K, capacity 1787K, committed 1792K, reserved 1048576K
}

Deoptimization events (10 events):
Event: 1.931 Thread 0x0000000002ad4000 Uncommon trap: reason=class_check action=maybe_recompile pc=0x0000000002fef440 method=java.util.regex.Matcher.search(I)Z @ 86
Event: 1.931 Thread 0x0000000002ad4000 Uncommon trap: reason=class_check action=maybe_recompile pc=0x0000000002f62b54 method=java.util.regex.Pattern$Curly.match(Ljava/util/regex/Matcher;ILjava/lang/CharSequence;)Z @ 19
Event: 1.939 Thread 0x0000000002ad4000 Uncommon trap: reason=class_check action=maybe_recompile pc=0x0000000002f62b54 method=java.util.regex.Pattern$Curly.match(Ljava/util/regex/Matcher;ILjava/lang/CharSequence;)Z @ 19
Event: 1.939 Thread 0x0000000002ad4000 Uncommon trap: reason=class_check action=maybe_recompile pc=0x0000000002f62b54 method=java.util.regex.Pattern$Curly.match(Ljava/util/regex/Matcher;ILjava/lang/CharSequence;)Z @ 19
Event: 2.005 Thread 0x0000000002ad4000 Uncommon trap: reason=unstable_if action=reinterpret pc=0x0000000003086af0 method=java.util.regex.Pattern$BmpCharProperty.match(Ljava/util/regex/Matcher;ILjava/lang/CharSequence;)Z @ 34
Event: 4.792 Thread 0x0000000002ad4000 Uncommon trap: reason=bimorphic action=maybe_recompile pc=0x0000000002ff16c4 method=java.util.HashMap.putVal(ILjava/lang/Object;Ljava/lang/Object;ZZ)Ljava/lang/Object; @ 91
Event: 7.676 Thread 0x0000000002ad4000 Uncommon trap: reason=bimorphic action=maybe_recompile pc=0x0000000002ff16c4 method=java.util.HashMap.putVal(ILjava/lang/Object;Ljava/lang/Object;ZZ)Ljava/lang/Object; @ 91
Event: 7.691 Thread 0x0000000002ad4000 Uncommon trap: reason=bimorphic action=maybe_recompile pc=0x0000000002ff16c4 method=java.util.HashMap.putVal(ILjava/lang/Object;Ljava/lang/Object;ZZ)Ljava/lang/Object; @ 91
Event: 7.691 Thread 0x0000000002ad4000 Uncommon trap: reason=bimorphic action=maybe_recompile pc=0x0000000002ff16c4 method=java.util.HashMap.putVal(ILjava/lang/Object;Ljava/lang/Object;ZZ)Ljava/lang/Object; @ 91
Event: 7.691 Thread 0x0000000002ad4000 Uncommon trap: reason=bimorphic action=maybe_recompile pc=0x0000000002fecd44 method=java.util.HashMap.putVal(ILjava/lang/Object;Ljava/lang/Object;ZZ)Ljava/lang/Object; @ 91

Classes redefined (7 events):
Event: 123.029 Thread 0x0000000017a09800 redefined class name=CPSAT_Sep2019.Question3_PageObjectModel, count=1
Event: 156.711 Thread 0x0000000017a09800 redefined class name=CPSAT_Sep2019.RediffHomePage_PageFactory, count=1
Event: 270.057 Thread 0x0000000017a09800 redefined class name=CPSAT_Sep2019.Question3_PageObjectModel, count=2
Event: 453.626 Thread 0x0000000017a09800 redefined class name=CPSAT_Sep2019.Question3_PageObjectModel, count=3
Event: 470.077 Thread 0x0000000017a09800 redefined class name=CPSAT_Sep2019.RediffHomePage_PageFactory, count=2
Event: 564.853 Thread 0x0000000017a09800 redefined class name=CPSAT_Sep2019.Question3_PageObjectModel, count=4
Event: 596.280 Thread 0x0000000017a09800 redefined class name=CPSAT_Sep2019.Question3_PageObjectModel, count=5

Internal exceptions (10 events):
Event: 1.843 Thread 0x0000000002ad4000 Exception <a 'java/lang/ArrayIndexOutOfBoundsException'> (0x00000000d7c2d058) thrown at [C:\ade\jenkins\workspace\8-2-build-windows-amd64-cygwin\jdk8u241\331\hotspot\src\share\vm\runtime\sharedRuntime.cpp, line 605]
Event: 1.843 Thread 0x0000000002ad4000 Exception <a 'java/lang/ArrayIndexOutOfBoundsException'> (0x00000000d7c2f060) thrown at [C:\ade\jenkins\workspace\8-2-build-windows-amd64-cygwin\jdk8u241\331\hotspot\src\share\vm\runtime\sharedRuntime.cpp, line 605]
Event: 1.844 Thread 0x0000000002ad4000 Exception <a 'java/lang/ArrayIndexOutOfBoundsException'> (0x00000000d7c313a8) thrown at [C:\ade\jenkins\workspace\8-2-build-windows-amd64-cygwin\jdk8u241\331\hotspot\src\share\vm\runtime\sharedRuntime.cpp, line 605]
Event: 1.844 Thread 0x0000000002ad4000 Exception <a 'java/lang/ArrayIndexOutOfBoundsException'> (0x00000000d7c34cf8) thrown at [C:\ade\jenkins\workspace\8-2-build-windows-amd64-cygwin\jdk8u241\331\hotspot\src\share\vm\runtime\sharedRuntime.cpp, line 605]
Event: 1.844 Thread 0x0000000002ad4000 Exception <a 'java/lang/ArrayIndexOutOfBoundsException'> (0x00000000d7c35f70) thrown at [C:\ade\jenkins\workspace\8-2-build-windows-amd64-cygwin\jdk8u241\331\hotspot\src\share\vm\runtime\sharedRuntime.cpp, line 605]
Event: 1.844 Thread 0x0000000002ad4000 Exception <a 'java/lang/ArrayIndexOutOfBoundsException'> (0x00000000d7c3e868) thrown at [C:\ade\jenkins\workspace\8-2-build-windows-amd64-cygwin\jdk8u241\331\hotspot\src\share\vm\runtime\sharedRuntime.cpp, line 605]
Event: 1.845 Thread 0x0000000002ad4000 Exception <a 'java/lang/ArrayIndexOutOfBoundsException'> (0x00000000d7c466a8) thrown at [C:\ade\jenkins\workspace\8-2-build-windows-amd64-cygwin\jdk8u241\331\hotspot\src\share\vm\runtime\sharedRuntime.cpp, line 605]
Event: 1.877 Thread 0x0000000002ad4000 Exception <a 'java/lang/NoSuchMethodError': java.lang.Object.lambda$chars$0()Ljava/util/Spliterator$OfInt;> (0x00000000d7fdb058) thrown at [C:\ade\jenkins\workspace\8-2-build-windows-amd64-cygwin\jdk8u241\331\hotspot\src\share\vm\interpreter\linkResolver.
Event: 4.844 Thread 0x0000000002ad4000 Exception <a 'java/net/SocketTimeoutException': Read timed out> (0x00000000d77d3308) thrown at [C:\ade\jenkins\workspace\8-2-build-windows-amd64-cygwin\jdk8u241\331\hotspot\src\share\vm\prims\jni.cpp, line 736]
Event: 7.663 Thread 0x0000000002ad4000 Exception <a 'java/net/SocketTimeoutException': Read timed out> (0x00000000d78250b0) thrown at [C:\ade\jenkins\workspace\8-2-build-windows-amd64-cygwin\jdk8u241\331\hotspot\src\share\vm\prims\jni.cpp, line 736]

Events (10 events):
Event: 681.155 Executing VM operation: GetOrSetLocal done
Event: 681.156 Executing VM operation: GetOrSetLocal
Event: 681.156 Executing VM operation: GetOrSetLocal done
Event: 681.156 Executing VM operation: GetOrSetLocal
Event: 681.156 Executing VM operation: GetOrSetLocal done
Event: 681.471 Executing VM operation: GetOrSetLocal
Event: 681.471 Executing VM operation: GetOrSetLocal done
Event: 681.472 Executing VM operation: GetOrSetLocal
Event: 681.472 Executing VM operation: GetOrSetLocal done
Event: 681.538 Executing VM operation: GetOrSetLocal


Dynamic libraries:
0x00007ff6fda70000 - 0x00007ff6fdaa7000 	C:\Program Files\Java\jre1.8.0_241\bin\javaw.exe
0x00007ffac3420000 - 0x00007ffac3610000 	C:\Windows\SYSTEM32\ntdll.dll
0x00007ffac1e90000 - 0x00007ffac1f42000 	C:\Windows\System32\KERNEL32.DLL
0x00007ffac03a0000 - 0x00007ffac0645000 	C:\Windows\System32\KERNELBASE.dll
0x00007ffac2480000 - 0x00007ffac2523000 	C:\Windows\System32\ADVAPI32.dll
0x00007ffac2c20000 - 0x00007ffac2cbe000 	C:\Windows\System32\msvcrt.dll
0x00007ffac3270000 - 0x00007ffac3307000 	C:\Windows\System32\sechost.dll
0x00007ffac21c0000 - 0x00007ffac22e0000 	C:\Windows\System32\RPCRT4.dll
0x00007ffac1890000 - 0x00007ffac1a24000 	C:\Windows\System32\USER32.dll
0x00007ffac0b60000 - 0x00007ffac0b81000 	C:\Windows\System32\win32u.dll
0x00007ffac23d0000 - 0x00007ffac23f6000 	C:\Windows\System32\GDI32.dll
0x00007ffac0650000 - 0x00007ffac07e6000 	C:\Windows\System32\gdi32full.dll
0x00007ffac0ac0000 - 0x00007ffac0b5e000 	C:\Windows\System32\msvcp_win.dll
0x00007ffac0820000 - 0x00007ffac091a000 	C:\Windows\System32\ucrtbase.dll
0x00007ffaa77e0000 - 0x00007ffaa7a64000 	C:\Windows\WinSxS\amd64_microsoft.windows.common-controls_6595b64144ccf1df_6.0.18362.1198_none_9e820b57e45ad92f\COMCTL32.dll
0x00007ffac1a30000 - 0x00007ffac1d65000 	C:\Windows\System32\combase.dll
0x00007ffac1340000 - 0x00007ffac13c0000 	C:\Windows\System32\bcryptPrimitives.dll
0x00007ffac3150000 - 0x00007ffac317e000 	C:\Windows\System32\IMM32.DLL
0x000000005b500000 - 0x000000005b5d2000 	C:\Program Files\Java\jre1.8.0_241\bin\msvcr100.dll
0x000000005b6c0000 - 0x000000005bf6c000 	C:\Program Files\Java\jre1.8.0_241\bin\server\jvm.dll
0x00007ffac2cc0000 - 0x00007ffac2cc8000 	C:\Windows\System32\PSAPI.DLL
0x00007ffab7070000 - 0x00007ffab7079000 	C:\Windows\SYSTEM32\WSOCK32.dll
0x00007ffaba610000 - 0x00007ffaba634000 	C:\Windows\SYSTEM32\WINMM.dll
0x00007ffab6e50000 - 0x00007ffab6e5a000 	C:\Windows\SYSTEM32\VERSION.dll
0x00007ffac3180000 - 0x00007ffac31ef000 	C:\Windows\System32\WS2_32.dll
0x00007ffaba180000 - 0x00007ffaba1ad000 	C:\Windows\SYSTEM32\winmmbase.dll
0x00007ffac0a70000 - 0x00007ffac0aba000 	C:\Windows\System32\cfgmgr32.dll
0x00007ffaadf10000 - 0x00007ffaadf1f000 	C:\Program Files\Java\jre1.8.0_241\bin\verify.dll
0x00007ffaa1d70000 - 0x00007ffaa1d99000 	C:\Program Files\Java\jre1.8.0_241\bin\java.dll
0x00007ffab7150000 - 0x00007ffab7185000 	C:\Program Files\Java\jre1.8.0_241\bin\jdwp.dll
0x00007ffaba840000 - 0x00007ffaba848000 	C:\Program Files\Java\jre1.8.0_241\bin\npt.dll
0x00007ffaa8fb0000 - 0x00007ffaa8fd3000 	C:\Program Files\Java\jre1.8.0_241\bin\instrument.dll
0x00007ffaa1d50000 - 0x00007ffaa1d66000 	C:\Program Files\Java\jre1.8.0_241\bin\zip.dll
0x00007ffac2530000 - 0x00007ffac2c17000 	C:\Windows\System32\SHELL32.dll
0x00007ffac1de0000 - 0x00007ffac1e89000 	C:\Windows\System32\shcore.dll
0x00007ffac0b90000 - 0x00007ffac1311000 	C:\Windows\System32\windows.storage.dll
0x00007ffac02e0000 - 0x00007ffac0303000 	C:\Windows\System32\profapi.dll
0x00007ffac0330000 - 0x00007ffac037a000 	C:\Windows\System32\powrprof.dll
0x00007ffac02d0000 - 0x00007ffac02e0000 	C:\Windows\System32\UMPDC.dll
0x00007ffac22e0000 - 0x00007ffac2332000 	C:\Windows\System32\shlwapi.dll
0x00007ffac0380000 - 0x00007ffac0391000 	C:\Windows\System32\kernel.appcore.dll
0x00007ffac1320000 - 0x00007ffac1337000 	C:\Windows\System32\cryptsp.dll
0x00007ffab7120000 - 0x00007ffab7129000 	C:\Program Files\Java\jre1.8.0_241\bin\dt_socket.dll
0x00007ffa54fc0000 - 0x00007ffa54fd6000 	C:\Windows\system32\napinsp.dll
0x00007ffa54fa0000 - 0x00007ffa54fba000 	C:\Windows\system32\pnrpnsp.dll
0x00007ffabfac0000 - 0x00007ffabfb27000 	C:\Windows\System32\mswsock.dll
0x00007ffabf810000 - 0x00007ffabf8db000 	C:\Windows\SYSTEM32\DNSAPI.dll
0x00007ffac2cd0000 - 0x00007ffac2cd8000 	C:\Windows\System32\NSI.dll
0x00007ffabf7d0000 - 0x00007ffabf80a000 	C:\Windows\SYSTEM32\IPHLPAPI.DLL
0x00007ffa66aa0000 - 0x00007ffa66aae000 	C:\Windows\System32\winrnr.dll
0x00007ffab9580000 - 0x00007ffab959c000 	C:\Windows\system32\NLAapi.dll
0x00007ffa8cf60000 - 0x00007ffa8cf75000 	C:\Windows\system32\wshbth.dll
0x00007ffab50a0000 - 0x00007ffab5117000 	C:\Windows\System32\fwpuclnt.dll
0x00007ffac07f0000 - 0x00007ffac0816000 	C:\Windows\System32\bcrypt.dll
0x00007ffab6a70000 - 0x00007ffab6a7a000 	C:\Windows\System32\rasadhlp.dll
0x00007ffaa1d30000 - 0x00007ffaa1d4a000 	C:\Program Files\Java\jre1.8.0_241\bin\net.dll
0x00007ffaa1bb0000 - 0x00007ffaa1bd4000 	C:\Program Files\Java\jre1.8.0_241\bin\sunec.dll
0x00007ffaadf00000 - 0x00007ffaadf0b000 	C:\Program Files\Java\jre1.8.0_241\bin\sunmscapi.dll
0x00007ffac0920000 - 0x00007ffac0a69000 	C:\Windows\System32\CRYPT32.dll
0x00007ffac0310000 - 0x00007ffac0322000 	C:\Windows\System32\MSASN1.dll
0x00007ffab6e00000 - 0x00007ffab6e16000 	C:\Windows\SYSTEM32\dhcpcsvc6.DLL
0x00007ffab72a0000 - 0x00007ffab72bc000 	C:\Windows\SYSTEM32\dhcpcsvc.DLL
0x00007ffaa1d10000 - 0x00007ffaa1d22000 	C:\Program Files\Java\jre1.8.0_241\bin\nio.dll
0x00007ffabf630000 - 0x00007ffabf663000 	C:\Windows\system32\rsaenh.dll
0x00007ffac01f0000 - 0x00007ffac0215000 	C:\Windows\SYSTEM32\USERENV.dll
0x00007ffabfc90000 - 0x00007ffabfc9c000 	C:\Windows\SYSTEM32\CRYPTBASE.dll
0x00007ffabb1c0000 - 0x00007ffabb3b4000 	C:\Windows\SYSTEM32\dbghelp.dll

VM Arguments:
jvm_args: -agentlib:jdwp=transport=dt_socket,suspend=y,address=localhost:63134 -ea -javaagent:C:\Users\rekha\eclipse\java-2020-06\eclipse\configuration\org.eclipse.osgi\222\0\.cp\lib\javaagent-shaded.jar -Dfile.encoding=UTF-8 
java_command: org.eclipse.jdt.internal.junit.runner.RemoteTestRunner -version 3 -port 63133 -testLoaderClass org.eclipse.jdt.internal.junit4.runner.JUnit4TestLoader -loaderpluginname org.eclipse.jdt.junit4.runtime -classNames CPSAT_Sep2019.Question3_PageObjectModel
java_class_path (initial): C:\Users\rekha\eclipse-2020-06\PracticalMockExams\target\test-classes;C:\Users\rekha\eclipse-2020-06\PracticalMockExams\target\classes;C:\Users\rekha\.m2\repository\junit\junit\4.11\junit-4.11.jar;C:\Users\rekha\.m2\repository\org\hamcrest\hamcrest-core\1.3\hamcrest-core-1.3.jar;C:\Users\rekha\.m2\repository\org\testng\testng\6.8\testng-6.8.jar;C:\Users\rekha\.m2\repository\org\beanshell\bsh\2.0b4\bsh-2.0b4.jar;C:\Users\rekha\.m2\repository\com\beust\jcommander\1.27\jcommander-1.27.jar;C:\Users\rekha\.m2\repository\org\yaml\snakeyaml\1.6\snakeyaml-1.6.jar;C:\Users\rekha\.m2\repository\org\seleniumhq\selenium\selenium-java\3.14.0\selenium-java-3.14.0.jar;C:\Users\rekha\.m2\repository\org\seleniumhq\selenium\selenium-api\3.14.0\selenium-api-3.14.0.jar;C:\Users\rekha\.m2\repository\org\seleniumhq\selenium\selenium-chrome-driver\3.14.0\selenium-chrome-driver-3.14.0.jar;C:\Users\rekha\.m2\repository\org\seleniumhq\selenium\selenium-edge-driver\3.14.0\selenium-edge-driver-3.14.0.jar;C:\Users\rekha\.m2\repository\org\seleniumhq\selenium\selenium-firefox-driver\3.14.0\selenium-firefox-driver-3.14.0.jar;C:\Users\rekha\.m2\repository\org\seleniumhq\selenium\selenium-ie-driver\3.14.0\selenium-ie-driver-3.14.0.jar;C:\Users\rekha\.m2\repository\org\seleniumhq\selenium\selenium-opera-driver\3.14.0\selenium-opera-driver-3.14.0.jar;C:\Users\rekha\.m2\repository\org\seleniumhq\selenium\selenium-remote-driver\3.14.0\selenium-remote-driver-3.14.0.jar;C:\Users\rekha\.m2\repository\org\seleniumhq\selenium\selenium-safari-driver\3.14.0\selenium-safari-driver-3.14.0.jar;C:\Users\rekha\.m2\repository\org\seleniumhq\selenium\selenium-support\3.14.0\selenium-support-3.14.0.jar;C:\Users\rekha\.m2\repository\net\bytebuddy\byte-buddy\1.8.15\byte-buddy-1.8.15.jar;C:\Users\rekha\.m2\repository\org\apache\commons\commons-exec\1.3\commons-exec-1.3.jar;C:\Users\rekha\.m2\repository\commons-codec\commons-codec\1.10\commons-codec-1.10.jar;C:\Users\rekha\.m2\repository\comm
Launcher Type: SUN_STANDARD

Environment Variables:
JAVA_HOME=C:\Program Files\Java\jdk1.8.0_241
PATH=C:/Program Files/Java/jre1.8.0_241/bin/server;C:/Program Files/Java/jre1.8.0_241/bin;C:/Program Files/Java/jre1.8.0_241/lib/amd64;C:\Program Files (x86)\Common Files\Oracle\Java\javapath;C:\Windows\system32;C:\Windows;C:\Windows\System32\Wbem;C:\Windows\System32\WindowsPowerShell\v1.0\;C:\Windows\System32\OpenSSH\;C:\Program Files\Java\jdk1.8.0_241\bin;C:\Users\rekha\Desktop\CP- SAT\Work\JarFilesNew\Drivers;C:\Users\rekha\Desktop\CP- SAT\Work\apache-maven-3.6.3\bin;C:\Program Files\nodejs\;C:\strawberry\c\bin;C:\strawberry\perl\bin;C:\Users\rekha\AppData\Local\Microsoft\WindowsApps;C:\Users\rekha\AppData\Roaming\npm;C:\Users\rekha\OneDrive\Desktop;
USERNAME=rekha
OS=Windows_NT
PROCESSOR_IDENTIFIER=Intel64 Family 6 Model 142 Stepping 12, GenuineIntel



---------------  S Y S T E M  ---------------

OS: Windows 10.0 , 64 bit Build 18362 (10.0.18362.1110)

CPU:total 8 (initial active 8) (4 cores per cpu, 2 threads per core) family 6 model 142 stepping 12, cmov, cx8, fxsr, mmx, sse, sse2, sse3, ssse3, sse4.1, sse4.2, popcnt, avx, avx2, aes, clmul, erms, 3dnowpref, lzcnt, ht, tsc, tscinvbit, bmi1, bmi2, adx

Memory: 4k page, physical 8133360k(658996k free), swap 32424644k(1834528k free)

vm_info: Java HotSpot(TM) 64-Bit Server VM (25.241-b07) for windows-amd64 JRE (1.8.0_241-b07), built on Dec 11 2019 10:21:40 by "rejava" with MS VC++ 10.0 (VS2010)

time: Sun Jan 17 17:38:36 2021
timezone: Eastern Standard Time
elapsed time: 681 seconds (0d 0h 11m 21s)

